7/23/2015 2:48:29 Error run: exception occurred  with mongodb
7/23/2015 2:49:29 Error run: exception occurred  with mongodb
7/23/2015 2:50:55 Error run: exception occurred  with mongodb
7/23/2015 2:54:53 Error run: exception occurred  with mongodb
7/23/2015 2:58:42 Error run: exception occurred  with mongodb
7/23/2015 3:10:49 Error run: exception occurred  with mongodb
7/23/2015 3:14:47 Error run: exception occurred  with mongodb
8/6/2015 19:58:46 Error run: exception occurred  with mongodb
8/6/2015 19:58:51 Error run: exception occurred  with mongodb
8/6/2015 19:59:36 Error run: exception occurred  with mongodb
8/6/2015 20:9:1 Error run: exception occurred  with mongodb
8/6/2015 20:10:5 Error run: exception occurred  with mongodb
8/6/2015 20:15:23 Error run: exception occurred  with mongodb
8/6/2015 20:15:38 Error run: exception occurred  with mongodb
8/6/2015 20:16:31 Error run: exception occurred  with mongodb
8/10/2015 5:0:28 Error run: exception occurred  with mongodb
8/10/2015 5:0:30 Error run: exception occurred  with mongodb
8/10/2015 5:3:45 Error run: exception occurred  with mongodb
8/12/2015 23:49:6 Error run: exception occurred  with mongodb
8/12/2015 23:51:10 Error run: exception occurred  with mongodb
8/12/2015 23:56:18 Error run: exception occurred  with mongodb
8/13/2015 0:5:56 Error run: exception occurred  with mongodb
8/13/2015 0:11:6 Error run: exception occurred  with mongodb
8/13/2015 0:12:15 Error run: exception occurred  with mongodb
8/13/2015 0:12:46 Error run: exception occurred  with mongodb
8/13/2015 0:13:27 Error run: exception occurred  with mongodb
8/15/2015 22:44:4 Error run: exception occurred  with mongodb
8/15/2015 22:46:43 Error run: exception occurred  with mongodb
8/15/2015 22:53:21 Error run: exception occurred  with mongodb
8/15/2015 23:7:27 Error run: exception occurred  with mongodb
8/15/2015 23:8:41 Error run: exception occurred  with mongodb
8/15/2015 23:9:47 Error run: exception occurred  with mongodb
8/18/2015 13:51:5 Error run: exception occurred  with mongodb
8/18/2015 14:26:32 Error run: exception occurred  with mongodb
8/18/2015 14:32:52 Error run: exception occurred  with mongodb
8/18/2015 14:35:16 Error run: exception occurred  with mongodb
8/18/2015 14:35:59 Error run: exception occurred  with mongodb
8/18/2015 14:42:16 Error run: exception occurred  with mongodb
8/18/2015 14:49:21 Error run: exception occurred  with mongodb
8/18/2015 14:50:9 Error run: exception occurred  with mongodb
8/18/2015 14:57:42 Error run: exception occurred  with mongodb
8/18/2015 14:58:28 Error run: exception occurred  with mongodb
8/18/2015 14:59:10 Error run: exception occurred  with mongodb
8/18/2015 15:0:4 Error run: exception occurred  with mongodb
8/18/2015 15:0:44 Error run: exception occurred  with mongodb
8/18/2015 15:1:12 Error run: exception occurred  with mongodb
8/18/2015 15:9:1 Error run: exception occurred  with mongodb
8/18/2015 15:10:54 Error run: exception occurred  with mongodb
8/18/2015 15:15:2 Error run: exception occurred  with mongodb
8/20/2015 22:32:27 Error run: exception occurred  with mongodb
8/20/2015 22:33:53 Error run: exception occurred  with mongodb
8/20/2015 22:36:47 Error run: exception occurred  with mongodb
8/20/2015 23:4:29 Error run: exception occurred  with mongodb
8/20/2015 23:7:25 Error run: exception occurred  with mongodb
8/20/2015 23:20:35 Error run: exception occurred  with mongodb
8/20/2015 23:47:39 Error run: exception occurred  with mongodb
8/20/2015 23:49:54 Error run: exception occurred  with mongodb
8/20/2015 23:51:7 Error run: exception occurred  with mongodb
9/6/2015 13:19:40 Error save_images:exception occured with mongodb 
9/6/2015 13:19:40 Error save_images:exception occured with mongodb 
9/6/2015 13:19:40 Error save_images:exception occured with mongodb 
9/6/2015 13:22:53 Error save_images:exception occured with mongodb 
9/6/2015 13:22:53 Error save_images:exception occured with mongodb 
9/6/2015 13:22:53 Error save_images:exception occured with mongodb 
12/3/2015 0:22:28 Error run: exception occurred  with mongodb
12/3/2015 0:22:43 Error run: exception occurred  with mongodb
12/3/2015 0:24:35 Error run: exception occurred  with mongodb
12/3/2015 3:53:56 Error run: exception occurred  with mongodb
12/3/2015 3:55:56 Error run: exception occurred  with mongodb
12/3/2015 3:55:58 Error run: exception occurred  with mongodb
1/4/2016 10:53:20 Error run: exception occurred  with mongodb
1/4/2016 10:54:42 Error run: exception occurred  with mongodb
1/4/2016 10:58:37 Error run: exception occurred  with mongodb
1/19/2016 12:5:6 Error run: exception occurred  with mongodb
1/22/2016 14:42:48 Info invalid request:/images?id=12000345ddf1/22/2016 14:42:48 Info invalid request:/favicon.ico1/22/2016 14:43:2 Info invalid request:/rcar/images?id=12000345ddf1/22/2016 14:44:12 Info invalid request:/rcar/images?id=12000345ddf1/22/2016 14:44:12 Info invalid request:/favicon.ico1/22/2016 14:46:7 Info invalid request:/rcar/images?id=12000345ddf1/22/2016 14:48:49 Info invalid request:/rcar/images/?id=100001/22/2016 14:49:35 Info invalid request:/rcar/images/?id=100001/22/2016 14:49:46 Info invalid request:/rcar/images/?id=100001/22/2016 14:49:52 Info invalid request:/rcar/images/?id=100001/22/2016 14:49:59 Info invalid request:/rcar/images/?id=100001/22/2016 14:50:2 Info invalid request:/rcar/images/?id=100001/22/2016 14:50:20 Info invalid request:/rcar/images/?id=100001/22/2016 14:50:46 Info invalid request:/rcar/images/?id=100001/22/2016 14:55:16 Info invalid request:/rcar/images/100.jpeg1/22/2016 14:56:24 Info invalid request:/rcar/images/100.jpeg1/22/2016 14:59:21 Info invalid request:/rcar/images/100.jpeg1/22/2016 15:0:43 Info invalid request:/rcar/images/100.jpeg1/22/2016 15:5:58 Info invalid request:/rcar/images/id=100.jpeg1/22/2016 15:41:7 Info handle_image_download:exception occured with mongodb 
1/22/2016 15:41:14 Info invalid request:/rcar/images/id=100.jpeg1/22/2016 16:54:14 Info handle_image_download:exception occured with mongodb 
1/23/2016 14:4:2 Info handle_image_download:exception occured with mongodb 
1/23/2016 14:4:3 Info handle_image_download:exception occured with mongodb 
1/23/2016 14:4:4 Info handle_image_download:exception occured with mongodb 
1/23/2016 14:4:5 Info handle_image_download:exception occured with mongodb 
1/23/2016 14:39:53 Info handle_image_download:exception occured with mongodb 
1/23/2016 14:41:9 Info handle_image_download:exception occured with mongodb 
1/23/2016 14:41:9 Info handle_image_download:exception occured with mongodb 
1/23/2016 14:41:9 Info handle_image_download:exception occured with mongodb 
1/23/2016 14:41:10 Info handle_image_download:exception occured with mongodb 
1/23/2016 15:39:32 Info handle_image_download:exception occured with mongodb 
1/23/2016 15:39:32 Info handle_image_download:exception occured with mongodb 
1/23/2016 15:39:32 Info handle_image_download:exception occured with mongodb 
1/23/2016 15:39:32 Info handle_image_download:exception occured with mongodb 
1/23/2016 15:50:29 Info handle_image_download:exception occured with mongodb 
1/23/2016 15:50:31 Info handle_image_download:exception occured with mongodb 
1/23/2016 15:55:52 Info handle_image_download:exception occured with mongodb 
1/23/2016 15:55:53 Info handle_image_download:exception occured with mongodb 
1/23/2016 15:55:53 Info handle_image_download:exception occured with mongodb 
1/23/2016 15:55:53 Info handle_image_download:exception occured with mongodb 
1/23/2016 15:58:44 Info handle_image_download:exception occured with mongodb 
1/23/2016 15:58:44 Info handle_image_download:exception occured with mongodb 
1/23/2016 15:58:45 Info handle_image_download:exception occured with mongodb 
1/23/2016 15:58:45 Info handle_image_download:exception occured with mongodb 
1/23/2016 16:3:31 Error failed to parse request content as json object
1/23/2016 16:4:36 Info handle_image_download:exception occured with mongodb 
1/23/2016 16:4:36 Info handle_image_download:exception occured with mongodb 
1/23/2016 16:4:36 Info handle_image_download:exception occured with mongodb 
1/23/2016 16:4:36 Info handle_image_download:exception occured with mongodb 
1/23/2016 16:5:18 Error failed to parse request content as json object
1/23/2016 16:5:18 Error failed to create json object for uri/rcar/images/
1/23/2016 16:7:53 Info handle_image_download:exception occured with mongodb 
1/23/2016 16:7:53 Info handle_image_download:exception occured with mongodb 
1/23/2016 16:7:53 Info handle_image_download:exception occured with mongodb 
1/23/2016 16:7:53 Info handle_image_download:exception occured with mongodb 
1/23/2016 16:8:33 Error failed to parse request content as json object
1/23/2016 16:8:33 Error failed to create json object for uri/rcar/images/upload
1/23/2016 16:13:36 Info handle_image_download:exception occured with mongodb 
1/23/2016 16:13:36 Info handle_image_download:exception occured with mongodb 
1/23/2016 16:13:36 Info handle_image_download:exception occured with mongodb 
1/23/2016 16:13:37 Info handle_image_download:exception occured with mongodb 
1/23/2016 16:15:17 Error failed to parse request content as json object
1/23/2016 16:15:38 Error failed to create json object for uri/rcar/images/upload.jpeg
1/23/2016 16:17:34 Info handle_image_download:exception occured with mongodb 
1/23/2016 16:17:34 Info handle_image_download:exception occured with mongodb 
1/23/2016 16:17:34 Info handle_image_download:exception occured with mongodb 
1/23/2016 16:17:34 Info handle_image_download:exception occured with mongodb 
1/23/2016 16:19:27 Error failed to parse request content as json object
1/23/2016 16:19:27 Error failed to create json object for uri/rcar/images/
1/23/2016 16:21:15 Error failed to parse request content as json object
1/23/2016 16:21:16 Error failed to create json object for uri/rcar/images/
1/23/2016 16:27:28 Error uri/rcar/images/ has illegal format user
1/23/2016 16:49:6 Info handle_image_upload:exception occured with mongodb 
1/23/2016 17:42:40 Error uri/rcar/images/56a3404d9e26decb0cf8eef2.jpeg has illegal format 
1/23/2016 17:42:51 Error uri/rcar/images/569db5f2813b0f3f09e60b96.jpeg has illegal format 
1/23/2016 17:50:29 Error uri/rcar/images/569db5f2813b0f3f09e60b96.jpeg has illegal format 
1/23/2016 17:50:59 Info handle_image_download:exception occured with mongodb 
1/23/2016 17:52:0 Info handle_image_download:exception occured with mongodb 
1/23/2016 17:55:7 Info handle_image_download:exception occured with mongodb 
1/23/2016 17:55:24 Info handle_image_download:exception occured with mongodb 
1/23/2016 17:59:51 Info handle_image_download:exception occured with mongodb 
1/23/2016 18:1:9 Info handle_image_download:exception occured with mongodb 
1/23/2016 18:5:6 Error uri/rcar/images/569db5f2813b0f3f09e60b96.jpeg has illegal format 
1/23/2016 18:7:6 Error uri/rcar/images/569db5f2813b0f3f09e60b96.jpeg has illegal format 
1/23/2016 18:8:6 Error uri/rcar/images/56a3404d9e26decb0cf8eef2.jpeg has illegal format 
1/23/2016 18:8:6 Error uri/rcar/images/569db5f2813b0f3f09e60b96.jpeg has illegal format 
1/23/2016 18:8:49 Error uri/rcar/images/569dcfc8813b0f3f09e60ba7.jpeg has illegal format 
1/23/2016 18:8:49 Error uri/rcar/images/56a3404d9e26decb0cf8eef2.jpeg has illegal format 
1/23/2016 18:8:49 Error uri/rcar/images/569db5f2813b0f3f09e60b96.jpeg has illegal format 
1/23/2016 18:9:10 Error uri/rcar/images/569db5f2813b0f3f09e60b96.jpeg has illegal format 
1/23/2016 18:9:38 Error uri/rcar/images/569db5f2813b0f3f09e60b96.jpeg has illegal format 
1/23/2016 18:10:53 Error uri/rcar/images/569db5f2813b0f3f09e60b96.jpeg has illegal format 
1/23/2016 18:10:54 Error uri/rcar/images/569dcfc8813b0f3f09e60ba7.jpeg has illegal format 
1/23/2016 18:10:54 Error uri/rcar/images/569db5f2813b0f3f09e60b96.jpeg has illegal format 
1/23/2016 18:11:17 Error uri/rcar/images/569db5f2813b0f3f09e60b96.jpeg has illegal format 
1/24/2016 18:18:13 Error uri/rcar/images/569db5f2813b0f3f09e60b96.jpeg has illegal format 
1/24/2016 18:19:40 Error uri/rcar/images/569dcfc8813b0f3f09e60ba7.jpeg has illegal format 
2/22/2016 15:38:54 Error failed to parse request content as json object
2/22/2016 16:13:21 Error failed to parse request content as json object
2/22/2016 16:13:21 Error failed to parse request content as json object
2/22/2016 17:31:35 Error failed to parse request content as json object
2/22/2016 17:32:18 Error failed to parse request content as json object
